2022-04-28 15:39:10,557 INFO org.springframework.boot.StartupInfoLogger [main] Starting LogApplication on TC19885556 with PID 8400 (D:\Dev\spring-boot-logging\target\classes started by TCSATAS in D:\Dev\spring-boot-logging)
2022-04-28 15:39:10,560 INFO org.springframework.boot.SpringApplication [main] The following profiles are active: dev
2022-04-28 15:39:11,242 INFO org.springframework.boot.web.embedded.tomcat.TomcatWebServer [main] Tomcat initialized with port(s): 8080 (http)
2022-04-28 15:39:11,248 INFO org.apache.juli.logging.DirectJDKLog [main] Starting service [Tomcat]
2022-04-28 15:39:11,249 INFO org.apache.juli.logging.DirectJDKLog [main] Starting Servlet engine: [Apache Tomcat/9.0.33]
2022-04-28 15:39:11,376 INFO org.apache.juli.logging.DirectJDKLog [main] Initializing Spring embedded WebApplicationContext
2022-04-28 15:39:11,376 INFO org.springframework.boot.web.servlet.context.ServletWebServerApplicationContext [main] Root WebApplicationContext: initialization completed in 771 ms
2022-04-28 15:39:11,512 INFO org.springframework.scheduling.concurrent.ExecutorConfigurationSupport [main] Initializing ExecutorService 'applicationTaskExecutor'
2022-04-28 15:39:11,651 INFO org.springframework.boot.web.embedded.tomcat.TomcatWebServer [main] Tomcat started on port(s): 8080 (http) with context path ''
2022-04-28 15:39:11,654 INFO org.springframework.boot.StartupInfoLogger [main] Started LogApplication in 1.498 seconds (JVM running for 2.319)
2022-04-28 15:40:49,616 INFO org.apache.juli.logging.DirectJDKLog [http-nio-8080-exec-1] Initializing Spring DispatcherServlet 'dispatcherServlet'
2022-04-28 15:40:49,616 INFO org.springframework.web.servlet.FrameworkServlet [http-nio-8080-exec-1] Initializing Servlet 'dispatcherServlet'
2022-04-28 15:40:49,620 INFO org.springframework.web.servlet.FrameworkServlet [http-nio-8080-exec-1] Completed initialization in 4 ms
2022-04-28 15:40:49,633 INFO LogEndpoint [http-nio-8080-exec-1] get details methodu basladi
2022-04-28 15:40:49,634 DEBUG LogEndpoint [http-nio-8080-exec-1] internalLogDetail methodu basladi
2022-04-28 15:41:55,131 INFO org.springframework.scheduling.concurrent.ExecutorConfigurationSupport [SpringContextShutdownHook] Shutting down ExecutorService 'applicationTaskExecutor'
2022-04-28 15:42:15,571 INFO org.springframework.boot.StartupInfoLogger [main] Starting LogApplication on TC19885556 with PID 18300 (D:\Dev\spring-boot-logging\target\classes started by TCSATAS in D:\Dev\spring-boot-logging)
2022-04-28 15:42:15,573 INFO org.springframework.boot.SpringApplication [main] The following profiles are active: dev
2022-04-28 15:42:16,158 INFO org.springframework.boot.web.embedded.tomcat.TomcatWebServer [main] Tomcat initialized with port(s): 8080 (http)
2022-04-28 15:42:16,164 INFO org.apache.juli.logging.DirectJDKLog [main] Starting service [Tomcat]
2022-04-28 15:42:16,164 INFO org.apache.juli.logging.DirectJDKLog [main] Starting Servlet engine: [Apache Tomcat/9.0.33]
